0 info it worked if it ends with ok
1 verbose cli [ 'E:\\software\\nodejs\\node.exe',
1 verbose cli   'E:\\software\\nodejs\\node_modules\\npm\\bin\\npm-cli.js',
1 verbose cli   'run',
1 verbose cli   'dev' ]
2 info using npm@3.10.10
3 info using node@v6.10.1
4 verbose run-script [ 'predev', 'dev', 'postdev' ]
5 info lifecycle universal-react@1.0.0~predev: universal-react@1.0.0
6 silly lifecycle universal-react@1.0.0~predev: no script for predev, continuing
7 info lifecycle universal-react@1.0.0~dev: universal-react@1.0.0
8 verbose lifecycle universal-react@1.0.0~dev: unsafe-perm in lifecycle true
9 verbose lifecycle universal-react@1.0.0~dev: PATH: E:\software\nodejs\node_modules\npm\bin\node-gyp-bin;E:\workspace\sample\universal-webpack-master\node_modules\.bin;C:\ProgramData\Oracle\Java\javapath;C:\windows\system32;C:\windows;C:\windows\System32\Wbem;C:\windows\System32\WindowsPowerShell\v1.0\;C:\Program Files\Lenovo\Fingerprint Manager Pro\;e:\software\Git\cmd;E:\software\nodejs\;C:\Users\liujinhe\AppData\Roaming\npm;E:\software\Java\jdk1.8.0_121\bin;E:\software\Java\jdk1.8.0_121\jre\bin;
10 verbose lifecycle universal-react@1.0.0~dev: CWD: E:\workspace\sample\universal-webpack-master
11 silly lifecycle universal-react@1.0.0~dev: Args: [ '/d /s /c',
11 silly lifecycle   'npm-run-all --parallel hmr api build-page page-server-delay' ]
12 verbose stack Error: kill ENOSYS
12 verbose stack     at exports._errnoException (util.js:1018:11)
12 verbose stack     at process.kill (internal/process.js:190:13)
12 verbose stack     at process.listener (E:\software\nodejs\node_modules\npm\node_modules\npmlog\node_modules\gauge\node_modules\signal-exit\index.js:86:15)
12 verbose stack     at emitNone (events.js:91:20)
12 verbose stack     at process.emit (events.js:185:7)
12 verbose stack     at processEmit (E:\software\nodejs\node_modules\npm\node_modules\npmlog\node_modules\gauge\node_modules\signal-exit\index.js:146:32)
12 verbose stack     at processEmit (E:\software\nodejs\node_modules\npm\node_modules\npm-registry-client\node_modules\npmlog\node_modules\gauge\node_modules\signal-exit\index.js:146:32)
12 verbose stack     at Signal.wrap.onsignal (internal/process.js:217:44)
13 verbose cwd E:\workspace\sample\universal-webpack-master
14 error Windows_NT 6.1.7601
15 error argv "E:\\software\\nodejs\\node.exe" "E:\\software\\nodejs\\node_modules\\npm\\bin\\npm-cli.js" "run" "dev"
16 error node v6.10.1
17 error npm  v3.10.10
18 error code ENOSYS
19 error errno ENOSYS
20 error syscall kill
21 error kill ENOSYS
22 error If you need help, you may report this error at:
22 error     <https://github.com/npm/npm/issues>
23 verbose exit [ 1, true ]
